<?xml version="1.0" encoding="UTF-8"?>
<!-- Generated by org.testng.reporters.JUnitReportReporter -->
<testsuite skipped="0" hostname="LAPTOP-R9R040UG" name="com.test.maven.TestGrid" tests="3" failures="0" timestamp="19 Nov 2019 05:12:50 GMT" time="110.014" errors="0">
  <testcase name="Test2" time="19.615" classname="com.test.maven.TestGrid"/>
  <testcase name="Test3" time="34.147" classname="com.test.maven.TestGrid"/>
  <testcase name="Test1" time="56.252" classname="com.test.maven.TestGrid"/>
</testsuite> <!-- com.test.maven.TestGrid -->
