<?xml version="1.0" encoding="UTF-8"?>
<!-- Generated by org.testng.reporters.JUnitReportReporter -->
<testsuite skipped="0" hostname="LAPTOP-R9R040UG" name="com.test.maven.test1" tests="3" failures="0" timestamp="18 Nov 2019 05:51:23 GMT" time="59.351" errors="0">
  <testcase name="Test3" time="17.928" classname="com.test.maven.test1"/>
  <testcase name="Test1" time="19.629" classname="com.test.maven.test1"/>
  <testcase name="Test2" time="21.794" classname="com.test.maven.test1"/>
</testsuite> <!-- com.test.maven.test1 -->
