<?xml version="1.0" encoding="UTF-8"?>
<!-- Generated by org.testng.reporters.JUnitReportReporter -->
<testsuite skipped="0" hostname="LAPTOP-R9R040UG" name="com.test.maven.TestBrowserStack" tests="1" failures="0" timestamp="19 Nov 2019 13:36:20 GMT" time="26.502" errors="0">
  <testcase name="Test1" time="26.502" classname="com.test.maven.TestBrowserStack"/>
</testsuite> <!-- com.test.maven.TestBrowserStack -->
