<?xml version="1.0" encoding="UTF-8"?>
<!-- Generated by org.testng.reporters.JUnitReportReporter -->
<testsuite skipped="0" hostname="LAPTOP-R9R040UG" name="com.test.maven.test2" tests="3" failures="0" timestamp="18 Nov 2019 11:53:50 GMT" time="82.960" errors="0">
  <testcase name="Test3" time="16.275" classname="com.test.maven.test2"/>
  <testcase name="Test1" time="45.374" classname="com.test.maven.test2"/>
  <testcase name="Test2" time="21.311" classname="com.test.maven.test2"/>
</testsuite> <!-- com.test.maven.test2 -->
