<?xml version="1.0" encoding="UTF-8"?>
<!-- Generated by org.testng.reporters.JUnitReportReporter -->
<testsuite skipped="0" hostname="LAPTOP-R9R040UG" name="com.test.maven.test2" tests="3" failures="0" timestamp="18 Nov 2019 12:01:15 GMT" time="64.095" errors="0">
  <testcase name="Test3" time="16.342" classname="com.test.maven.test2"/>
  <testcase name="Test1" time="31.506" classname="com.test.maven.test2"/>
  <testcase name="Test2" time="16.247" classname="com.test.maven.test2"/>
</testsuite> <!-- com.test.maven.test2 -->
