<?xml version="1.0" encoding="UTF-8"?>
<!-- Generated by org.testng.reporters.JUnitReportReporter -->
<testsuite skipped="0" hostname="LAPTOP-R9R040UG" name="com.test.maven.test1" tests="3" failures="0" timestamp="18 Nov 2019 12:01:15 GMT" time="52.683" errors="0">
  <testcase name="Test3" time="18.290" classname="com.test.maven.test1"/>
  <testcase name="Test1" time="21.105" classname="com.test.maven.test1"/>
  <testcase name="Test2" time="13.288" classname="com.test.maven.test1"/>
</testsuite> <!-- com.test.maven.test1 -->
